Der Buildvorgang wurde am 18.12.2013 04:56:43 gestartet.
     1>Projekt "D:\CODE\C++\binkw32\binkw32\binkw32.vcxproj" auf Knoten "2", build Ziel(e).
     1>InitializeBuildStatus:
         "Debug\binkw32.unsuccessfulbuild" wird erstellt, da "AlwaysCreate" angegeben wurde.
       ClCompile:
         Alle Ausgaben sind aktuell.
         D:\Program Files\Microsoft Visual Studio 10.0\VC\bin\CL.exe /c /ZI /nologo /W3 /WX- /Od /Oy- /D WIN32 /D _DEBUG /D _WINDOWS /D _USRDLL /D BINKW32_EXPORTS /D _WINDLL /D _UNICODE /D UNICODE /Gm /EHsc /RTC1 /MDd /GS /fp:precise /Zc:wchar_t /Zc:forScope /Fo"Debug\\" /Fd"Debug\vc100.pdb" /Gd /TP /analyze- /errorReport:prompt dllmain.cpp
         dllmain.cpp
       ManifestResourceCompile:
         Alle Ausgaben sind aktuell.
       Link:
         D:\Program Files\Microsoft Visual Studio 10.0\VC\bin\link.exe /ERRORREPORT:PROMPT /OUT:"D:\CODE\C++\binkw32\Debug\binkw32.dll" /INCREMENTAL /NOLOGO kernel32.lib user32.lib gdi32.lib winspool.lib comdlg32.lib advapi32.lib shell32.lib ole32.lib oleaut32.lib uuid.lib odbc32.lib odbccp32.lib /MANIFEST /ManifestFile:"Debug\binkw32.dll.intermediate.manifest" /MANIFESTUAC:"level='asInvoker' uiAccess='false'" /DEBUG /PDB:"D:\CODE\C++\binkw32\Debug\binkw32.pdb" /SUBSYSTEM:WINDOWS /TLBID:1 /DYNAMICBASE /NXCOMPAT /IMPLIB:"D:\CODE\C++\binkw32\Debug\binkw32.lib" /MACHINE:X86 /DLL Debug\binkw32.dll.embed.manifest.res
         Debug\dllmain.obj
         Debug\stdafx.obj
       Manifest:
         C:\Program Files\Microsoft SDKs\Windows\v7.0A\bin\mt.exe /nologo /verbose /out:"Debug\binkw32.dll.embed.manifest" /manifest Debug\binkw32.dll.intermediate.manifest
         Alle Ausgaben sind aktuell.
       LinkEmbedManifest:
         Alle Ausgaben sind aktuell.
         binkw32.vcxproj -> D:\CODE\C++\binkw32\Debug\binkw32.dll
       FinalizeBuildStatus:
         Die Datei "Debug\binkw32.unsuccessfulbuild" wird gelöscht.
         Aktualisieren des Timestamps von "Debug\binkw32.lastbuildstate".
     1>Die Erstellung des Projekts "D:\CODE\C++\binkw32\binkw32\binkw32.vcxproj" ist abgeschlossen, build Ziel(e).

Das Erstellen war erfolgreich.

Verstrichene Zeit 00:00:00.46
